d:\visualstudio2019\source\repos\car100kproject2\car100kproject2\x64\debug\vc141.pdb
d:\visualstudio2019\source\repos\car100kproject2\car100kproject2\x64\debug\vc141.idb
d:\visualstudio2019\source\repos\car100kproject2\car100kproject2\x64\debug\mathhelper.obj
d:\visualstudio2019\source\repos\car100kproject2\car100kproject2\x64\debug\itemmanager.obj
d:\visualstudio2019\source\repos\car100kproject2\car100kproject2\x64\debug\enemymanager.obj
d:\visualstudio2019\source\repos\car100kproject2\car100kproject2\x64\debug\bulletmanager.obj
d:\visualstudio2019\source\repos\car100kproject2\car100kproject2\x64\debug\bossmanager.obj
d:\visualstudio2019\source\repos\car100kproject2\car100kproject2\x64\debug\loadresources.obj
d:\visualstudio2019\source\repos\car100kproject2\car100kproject2\x64\debug\vector2.obj
d:\visualstudio2019\source\repos\car100kproject2\car100kproject2\x64\debug\wingplane.obj
d:\visualstudio2019\source\repos\car100kproject2\car100kproject2\x64\debug\player.obj
d:\visualstudio2019\source\repos\car100kproject2\car100kproject2\x64\debug\enemy.obj
d:\visualstudio2019\source\repos\car100kproject2\car100kproject2\x64\debug\bullet.obj
d:\visualstudio2019\source\repos\car100kproject2\car100kproject2\x64\debug\init.obj
d:\visualstudio2019\source\repos\car100kproject2\car100kproject2\x64\debug\timer.obj
d:\visualstudio2019\source\repos\car100kproject2\car100kproject2\x64\debug\ui.obj
d:\visualstudio2019\source\repos\car100kproject2\car100kproject2\x64\debug\scene_loading.obj
d:\visualstudio2019\source\repos\car100kproject2\car100kproject2\x64\debug\background.obj
d:\visualstudio2019\source\repos\car100kproject2\car100kproject2\x64\debug\music.obj
d:\visualstudio2019\source\repos\car100kproject2\car100kproject2\x64\debug\box.obj
d:\visualstudio2019\source\repos\car100kproject2\car100kproject2\x64\debug\menu.obj
d:\visualstudio2019\source\repos\car100kproject2\car100kproject2\x64\debug\car100kproject2.obj
d:\visualstudio2019\source\repos\car100kproject2\car100kproject2\x64\debug\scene.obj
d:\visualstudio2019\source\repos\car100kproject2\x64\debug\car100kproject2.ilk
d:\visualstudio2019\source\repos\car100kproject2\x64\debug\car100kproject2.exe
d:\visualstudio2019\source\repos\car100kproject2\x64\debug\car100kproject2.pdb
d:\visualstudio2019\source\repos\car100kproject2\car100kproject2\x64\debug\car100kproject2.tlog\cl.command.1.tlog
d:\visualstudio2019\source\repos\car100kproject2\car100kproject2\x64\debug\car100kproject2.tlog\cl.read.1.tlog
d:\visualstudio2019\source\repos\car100kproject2\car100kproject2\x64\debug\car100kproject2.tlog\cl.write.1.tlog
d:\visualstudio2019\source\repos\car100kproject2\car100kproject2\x64\debug\car100kproject2.tlog\link.command.1.tlog
d:\visualstudio2019\source\repos\car100kproject2\car100kproject2\x64\debug\car100kproject2.tlog\link.read.1.tlog
d:\visualstudio2019\source\repos\car100kproject2\car100kproject2\x64\debug\car100kproject2.tlog\link.write.1.tlog
